TP2/Codigo/app/build/intermediates/manifest_merge_blame_file/debug/manifest-merger-blame-debug-report.txt
1<?xml version="1.0" encoding="utf-8"?>
2<manifest xmlns:android="http://schemas.android.com/apk/res/android"
3    package="com.unlam.vacunartech"
4    android:versionCode="1"
5    android:versionName="1.0" >
6
7    <uses-sdk
8        android:minSdkVersion="15"
8-->src\main\AndroidManifest.xml
9        android:targetSdkVersion="30" />
9-->src\main\AndroidManifest.xml
10
11    <uses-permission android:name="android.permission.SEND_SMS" />
11-->src\main\AndroidManifest.xml:5:5-67
11-->src\main\AndroidManifest.xml:5:22-64
12    <uses-permission android:name="android.permission.INTERNET" />
12-->src\main\AndroidManifest.xml:6:5-67
12-->src\main\AndroidManifest.xml:6:22-64
13
14    <application
14-->src\main\AndroidManifest.xml:8:5-35:19
15        android:allowBackup="true"
15-->src\main\AndroidManifest.xml:9:9-35
16        android:appComponentFactory="androidx.core.app.CoreComponentFactory"
16-->[androidx.core:core:1.5.0] AndroidManifest.xml:24:18-86
17        android:debuggable="true"
18        android:icon="@mipmap/ic_launcher"
18-->src\main\AndroidManifest.xml:10:9-43
19        android:label="@string/app_name"
19-->src\main\AndroidManifest.xml:11:9-41
20        android:roundIcon="@mipmap/ic_launcher_round"
20-->src\main\AndroidManifest.xml:12:9-54
21        android:supportsRtl="true"
21-->src\main\AndroidManifest.xml:13:9-35
22        android:theme="@style/SplashTheme"
22-->src\main\AndroidManifest.xml:14:9-43
23        android:usesCleartextTraffic="true" >
23-->src\main\AndroidManifest.xml:15:9-44
24        <activity android:name="com.unlam.vacunartech.RegisterActivity" />
24-->src\main\AndroidManifest.xml:16:9-63
24-->src\main\AndroidManifest.xml:16:19-51
25        <activity android:name="com.unlam.vacunartech.VerificationActivity" />
25-->src\main\AndroidManifest.xml:17:9-58
25-->src\main\AndroidManifest.xml:17:19-55
26        <activity android:name="com.unlam.vacunartech.SMSActivity" />
26-->src\main\AndroidManifest.xml:18:9-49
26-->src\main\AndroidManifest.xml:18:19-46
27        <activity android:name="com.unlam.vacunartech.LoginActivity" >
27-->src\main\AndroidManifest.xml:19:9-20:20
27-->src\main\AndroidManifest.xml:19:19-48
28        </activity>
29        <activity android:name="com.unlam.vacunartech.SplashActivity" >
29-->src\main\AndroidManifest.xml:21:9-27:20
29-->src\main\AndroidManifest.xml:21:19-49
30            <intent-filter>
30-->src\main\AndroidManifest.xml:22:13-26:29
31                <action android:name="android.intent.action.MAIN" />
31-->src\main\AndroidManifest.xml:23:17-69
31-->src\main\AndroidManifest.xml:23:25-66
32
33                <category android:name="android.intent.category.LAUNCHER" />
33-->src\main\AndroidManifest.xml:25:17-77
33-->src\main\AndroidManifest.xml:25:27-74
34            </intent-filter>
35        </activity>
36        <activity
36-->src\main\AndroidManifest.xml:28:9-30:53
37            android:name="com.unlam.vacunartech.MainActivity"
37-->src\main\AndroidManifest.xml:29:13-41
38            android:theme="@style/AppTheme.Login" />
38-->src\main\AndroidManifest.xml:30:13-50
39        <activity android:name="com.unlam.vacunartech.ConsultarTurnoActivity" />
39-->src\main\AndroidManifest.xml:32:5-65
39-->src\main\AndroidManifest.xml:32:15-53
40        <activity
40-->src\main\AndroidManifest.xml:33:5-34:16
41            android:name="com.unlam.vacunartech.MiVacunaActivity"
41-->src\main\AndroidManifest.xml:33:15-47
42            android:theme="@style/AppTheme" >
42-->src\main\AndroidManifest.xml:33:48-79
43        </activity>
44    </application>
45
46</manifest>